<?xml version="1.0" encoding="UTF-8"?>
<!-- Generated by org.testng.reporters.JUnitXMLReporter -->
<testsuite ignored="0" hostname="DESKTOP-032BQ8K" failures="0" tests="2" name="Default test" time="1.885" errors="0" timestamp="2023-04-14T16:34:52 IST">
  <testcase classname="com.opencart.testclass.HomePageTest" name="clickOnDesktopButton" time="0.009"/>
  <testcase classname="com.opencart.testclass.HomePageTest" name="clickOnDesktopButtonithDatarodvider" time="0.003"/>
</testsuite> <!-- Default test -->
